Release 13.4 - xst O.87xd (nt)
Copyright (c) 1995-2011 Xilinx, Inc.  All rights reserved.
--> Parameter TMPDIR set to xst/projnav.tmp


Total REAL time to Xst completion: 0.00 secs
Total CPU time to Xst completion: 0.10 secs
 
--> Parameter xsthdpdir set to xst


Total REAL time to Xst completion: 0.00 secs
Total CPU time to Xst completion: 0.10 secs
 
--> Reading design: keypad.prj

TABLE OF CONTENTS
  1) Synthesis Options Summary
  2) HDL Compilation
  3) Design Hierarchy Analysis
  4) HDL Analysis
  5) HDL Synthesis
     5.1) HDL Synthesis Report
  6) Advanced HDL Synthesis
     6.1) Advanced HDL Synthesis Report
  7) Low Level Synthesis
  8) Partition Report
  9) Final Report
	9.1) Device utilization summary
	9.2) Partition Resource Summary
	9.3) TIMING REPORT


=========================================================================
*                      Synthesis Options Summary                        *
=========================================================================
---- Source Parameters
Input File Name                    : "keypad.prj"
Input Format                       : mixed
Ignore Synthesis Constraint File   : NO

---- Target Parameters
Output File Name                   : "keypad"
Output Format                      : NGC
Target Device                      : xc3s200-4-tq144

---- Source Options
Top Module Name                    : keypad
Automatic FSM Extraction           : YES
FSM Encoding Algorithm             : Auto
Safe Implementation                : No
FSM Style                          : LUT
RAM Extraction                     : Yes
RAM Style                          : Auto
ROM Extraction                     : Yes
Mux Style                          : Auto
Decoder Extraction                 : YES
Priority Encoder Extraction        : Yes
Shift Register Extraction          : YES
Logical Shifter Extraction         : YES
XOR Collapsing                     : YES
ROM Style                          : Auto
Mux Extraction                     : Yes
Resource Sharing                   : YES
Asynchronous To Synchronous        : NO
Multiplier Style                   : Auto
Automatic Register Balancing       : No

---- Target Options
Add IO Buffers                     : YES
Global Maximum Fanout              : 500
Add Generic Clock Buffer(BUFG)     : 8
Register Duplication               : YES
Slice Packing                      : YES
Optimize Instantiated Primitives   : NO
Use Clock Enable                   : Yes
Use Synchronous Set                : Yes
Use Synchronous Reset              : Yes
Pack IO Registers into IOBs        : Auto
Equivalent register Removal        : YES

---- General Options
Optimization Goal                  : Speed
Optimization Effort                : 1
Keep Hierarchy                     : No
Netlist Hierarchy                  : As_Optimized
RTL Output                         : Yes
Global Optimization                : AllClockNets
Read Cores                         : YES
Write Timing Constraints           : NO
Cross Clock Analysis               : NO
Hierarchy Separator                : /
Bus Delimiter                      : <>
Case Specifier                     : Maintain
Slice Utilization Ratio            : 100
BRAM Utilization Ratio             : 100
Verilog 2001                       : YES
Auto BRAM Packing                  : NO
Slice Utilization Ratio Delta      : 5

=========================================================================


=========================================================================
*                          HDL Compilation                              *
=========================================================================
Compiling verilog file "keypad.v" in library work
Module <keypad> compiled
No errors in compilation
Analysis of file <"keypad.prj"> succeeded.
 

=========================================================================
*                     Design Hierarchy Analysis                         *
=========================================================================
Analyzing hierarchy for module <keypad> in library <work> with parameters.
	clk1 = "00000000000000000000000111110100"
	clk2 = "00000000000000000000000000110010"
	s1 = "00"
	s2 = "01"
	s3 = "10"
	s4 = "11"


=========================================================================
*                            HDL Analysis                               *
=========================================================================
Analyzing top module <keypad>.
	clk1 = 32'sb00000000000000000000000111110100
	clk2 = 32'sb00000000000000000000000000110010
	s1 = 2'b00
	s2 = 2'b01
	s3 = 2'b10
	s4 = 2'b11
Module <keypad> is correct for synthesis.
 

=========================================================================
*                           HDL Synthesis                               *
=========================================================================

Performing bidirectional port resolution...

Synthesizing Unit <keypad>.
    Related source file is "keypad.v".
WARNING:Xst:1780 - Signal <com> is never used or assigned. This unconnected signal will be trimmed during the optimization process.
    Found finite state machine <FSM_0> for signal <state>.
    -----------------------------------------------------------------------
    | States             | 4                                              |
    | Transitions        | 4                                              |
    | Inputs             | 0                                              |
    | Outputs            | 8                                              |
    | Clock              | sclk                      (rising_edge)        |
    | Power Up State     | 00                                             |
    | Encoding           | automatic                                      |
    | Implementation     | LUT                                            |
    -----------------------------------------------------------------------
    Found 7-bit register for signal <display>.
    Found 4-bit register for signal <row>.
    Found 32-bit up counter for signal <cnt>.
    Found 1-bit register for signal <sclk>.
    Summary:
	inferred   1 Finite State Machine(s).
	inferred   1 Counter(s).
	inferred  12 D-type flip-flop(s).
Unit <keypad> synthesized.


=========================================================================
HDL Synthesis Report

Macro Statistics
# Counters                                             : 1
 32-bit up counter                                     : 1
# Registers                                            : 3
 1-bit register                                        : 1
 4-bit register                                        : 1
 7-bit register                                        : 1

=========================================================================

=========================================================================
*                       Advanced HDL Synthesis                          *
=========================================================================

Analyzing FSM <FSM_0> for best encoding.
Optimizing FSM <state/FSM> on signal <state[1:4]> with one-hot encoding.
-------------------
 State | Encoding
-------------------
 00    | 0001
 01    | 0010
 10    | 0100
 11    | 1000
-------------------

=========================================================================
Advanced HDL Synthesis Report

Macro Statistics
# FSMs                                                 : 1
# Counters                                             : 1
 32-bit up counter                                     : 1
# Registers                                            : 12
 Flip-Flops                                            : 12

=========================================================================

=========================================================================
*                         Low Level Synthesis                           *
=========================================================================

Optimizing unit <keypad> ...

Mapping all equations...
Building and optimizing final netlist ...
Found area constraint ratio of 100 (+ 5) on block keypad, actual ratio is 2.

Final Macro Processing ...

=========================================================================
Final Register Report

Macro Statistics
# Registers                                            : 48
 Flip-Flops                                            : 48

=========================================================================

=========================================================================
*                           Partition Report                            *
=========================================================================

Partition Implementation Status
-------------------------------

  No Partitions were found in this design.

-------------------------------

=========================================================================
*                            Final Report                               *
=========================================================================
Final Results
RTL Top Level Output File Name     : keypad.ngr
Top Level Output File Name         : keypad
Output Format                      : NGC
Optimization Goal                  : Speed
Keep Hierarchy                     : No

Design Statistics
# IOs                              : 16

Cell Usage :
# BELS                             : 145
#      GND                         : 1
#      INV                         : 2
#      LUT1                        : 31
#      LUT2                        : 1
#      LUT3                        : 10
#      LUT4                        : 21
#      LUT4_D                      : 1
#      LUT4_L                      : 3
#      MUXCY                       : 39
#      MUXF5                       : 3
#      VCC                         : 1
#      XORCY                       : 32
# FlipFlops/Latches                : 48
#      FD                          : 4
#      FDR                         : 37
#      FDS                         : 7
# Clock Buffers                    : 1
#      BUFGP                       : 1
# IO Buffers                       : 15
#      IBUF                        : 3
#      OBUF                        : 12
=========================================================================

Device utilization summary:
---------------------------

Selected Device : 3s200tq144-4 

 Number of Slices:                       40  out of   1920     2%  
 Number of Slice Flip Flops:             48  out of   3840     1%  
 Number of 4 input LUTs:                 69  out of   3840     1%  
 Number of IOs:                          16
 Number of bonded IOBs:                  16  out of     97    16%  
 Number of GCLKs:                         1  out of      8    12%  

---------------------------
Partition Resource Summary:
---------------------------

  No Partitions were found in this design.

---------------------------


=========================================================================
TIMING REPORT

NOTE: THESE TIMING NUMBERS ARE ONLY A SYNTHESIS ESTIMATE.
      FOR ACCURATE TIMING INFORMATION PLEASE REFER TO THE TRACE REPORT
      GENERATED AFTER PLACE-and-ROUTE.

Clock Information:
------------------
-----------------------------------+------------------------+-------+
Clock Signal                       | Clock buffer(FF name)  | Load  |
-----------------------------------+------------------------+-------+
clk                                | BUFGP                  | 33    |
sclk                               | NONE(state_FSM_FFd4)   | 15    |
-----------------------------------+------------------------+-------+
INFO:Xst:2169 - HDL ADVISOR - Some clock signals were not automatically buffered by XST with BUFG/BUFR resources. Please use the buffer_type constraint in order to insert these buffers to the clock signals to help prevent skew problems.

Asynchronous Control Signals Information:
----------------------------------------
No asynchronous control signals found in this design

Timing Summary:
---------------
Speed Grade: -4

   Minimum period: 7.889ns (Maximum Frequency: 126.762MHz)
   Minimum input arrival time before clock: 6.992ns
   Maximum output required time after clock: 7.241ns
   Maximum combinational path delay: No path found

Timing Detail:
--------------
All values displayed in nanoseconds (ns)

=========================================================================
Timing constraint: Default period analysis for Clock 'clk'
  Clock period: 7.889ns (frequency: 126.762MHz)
  Total number of paths / destination ports: 1584 / 65
-------------------------------------------------------------------------
Delay:               7.889ns (Levels of Logic = 10)
  Source:            cnt_8 (FF)
  Destination:       sclk (FF)
  Source Clock:      clk rising
  Destination Clock: clk rising

  Data Path: cnt_8 to sclk
                                Gate     Net
    Cell:in->out      fanout   Delay   Delay  Logical Name (Net Name)
    ----------------------------------------  ------------
     FDR:C->Q              2   0.720   1.216  cnt_8 (cnt_8)
     LUT4:I0->O            1   0.551   0.000  cnt_cmp_eq0000_wg_lut<0> (cnt_cmp_eq0000_wg_lut<0>)
     MUXCY:S->O            1   0.500   0.000  cnt_cmp_eq0000_wg_cy<0> (cnt_cmp_eq0000_wg_cy<0>)
     MUXCY:CI->O           1   0.064   0.000  cnt_cmp_eq0000_wg_cy<1> (cnt_cmp_eq0000_wg_cy<1>)
     MUXCY:CI->O           1   0.064   0.000  cnt_cmp_eq0000_wg_cy<2> (cnt_cmp_eq0000_wg_cy<2>)
     MUXCY:CI->O           1   0.064   0.000  cnt_cmp_eq0000_wg_cy<3> (cnt_cmp_eq0000_wg_cy<3>)
     MUXCY:CI->O           1   0.064   0.000  cnt_cmp_eq0000_wg_cy<4> (cnt_cmp_eq0000_wg_cy<4>)
     MUXCY:CI->O           1   0.064   0.000  cnt_cmp_eq0000_wg_cy<5> (cnt_cmp_eq0000_wg_cy<5>)
     MUXCY:CI->O           1   0.064   0.000  cnt_cmp_eq0000_wg_cy<6> (cnt_cmp_eq0000_wg_cy<6>)
     MUXCY:CI->O          33   0.281   1.859  cnt_cmp_eq0000_wg_cy<7> (cnt_cmp_eq0000)
     INV:I->O              1   0.551   0.801  sclk_not00011_INV_0 (sclk_not0001)
     FDR:R                     1.026          sclk
    ----------------------------------------
    Total                      7.889ns (4.013ns logic, 3.876ns route)
                                       (50.9% logic, 49.1% route)

=========================================================================
Timing constraint: Default period analysis for Clock 'sclk'
  Clock period: 6.205ns (frequency: 161.160MHz)
  Total number of paths / destination ports: 78 / 22
-------------------------------------------------------------------------
Delay:               6.205ns (Levels of Logic = 2)
  Source:            state_FSM_FFd4 (FF)
  Destination:       display_2 (FF)
  Source Clock:      sclk rising
  Destination Clock: sclk rising

  Data Path: state_FSM_FFd4 to display_2
                                Gate     Net
    Cell:in->out      fanout   Delay   Delay  Logical Name (Net Name)
    ----------------------------------------  ------------
     FD:C->Q               8   0.720   1.422  state_FSM_FFd4 (state_FSM_FFd4)
     LUT4_D:I0->O          7   0.551   1.134  display_mux0000<0>11 (N0)
     LUT4:I2->O            1   0.551   0.801  display_mux0000<4>10 (display_mux0000<4>10)
     FDS:S                     1.026          display_2
    ----------------------------------------
    Total                      6.205ns (2.848ns logic, 3.357ns route)
                                       (45.9% logic, 54.1% route)

=========================================================================
Timing constraint: Default OFFSET IN BEFORE for Clock 'sclk'
  Total number of paths / destination ports: 89 / 14
-------------------------------------------------------------------------
Offset:              6.992ns (Levels of Logic = 5)
  Source:            column<0> (PAD)
  Destination:       display_0 (FF)
  Destination Clock: sclk rising

  Data Path: column<0> to display_0
                                Gate     Net
    Cell:in->out      fanout   Delay   Delay  Logical Name (Net Name)
    ----------------------------------------  ------------
     IBUF:I->O            10   0.821   1.473  column_0_IBUF (column_0_IBUF)
     LUT3:I0->O            6   0.551   1.342  display_mux0000<2>11 (N3)
     LUT3:I0->O            1   0.551   0.000  display_mux0000<6>201_SW01 (display_mux0000<6>201_SW0)
     MUXF5:I1->O           1   0.360   1.140  display_mux0000<6>201_SW0_f5 (N15)
     LUT4:I0->O            1   0.551   0.000  display_mux0000<6>201 (display_mux0000<6>20)
     FDS:D                     0.203          display_0
    ----------------------------------------
    Total                      6.992ns (3.037ns logic, 3.955ns route)
                                       (43.4% logic, 56.6% route)

=========================================================================
Timing constraint: Default OFFSET OUT AFTER for Clock 'sclk'
  Total number of paths / destination ports: 11 / 11
-------------------------------------------------------------------------
Offset:              7.241ns (Levels of Logic = 1)
  Source:            display_6 (FF)
  Destination:       display<6> (PAD)
  Source Clock:      sclk rising

  Data Path: display_6 to display<6>
                                Gate     Net
    Cell:in->out      fanout   Delay   Delay  Logical Name (Net Name)
    ----------------------------------------  ------------
     FDS:C->Q              2   0.720   0.877  display_6 (display_6)
     OBUF:I->O                 5.644          display_6_OBUF (display<6>)
    ----------------------------------------
    Total                      7.241ns (6.364ns logic, 0.877ns route)
                                       (87.9% logic, 12.1% route)

=========================================================================


Total REAL time to Xst completion: 4.00 secs
Total CPU time to Xst completion: 3.80 secs
 
--> 

Total memory usage is 200492 kilobytes

Number of errors   :    0 (   0 filtered)
Number of warnings :    1 (   0 filtered)
Number of infos    :    1 (   0 filtered)

